[2025/07/12 18:53:14]: §9          __             _       
[2025/07/12 18:53:14]: §9  _ __   / /  ___   __ _(_)_ __  
[2025/07/12 18:53:14]: §9 | '_ \ / /  / _ \ / _` | | '_ \ 
[2025/07/12 18:53:14]: §9 | | | / /__| (_) | (_| | | | | |
[2025/07/12 18:53:14]: §9 |_| |_\____/\___/ \__, |_|_| |_|
[2025/07/12 18:53:14]: §9                  |___/            
[2025/07/12 18:53:14]: §9 By: www.nickuc.com - V 10.4.23 DEVELOPMENT
[2025/07/12 18:53:14]: §9 
[2025/07/12 18:53:14]: §3[nLogin] [DEBUG] The config.yml file was created successfully.
[2025/07/12 18:53:16]: §3[nLogin] [DEBUG] All settings were loaded in 2332 ms.
[2025/07/12 18:53:16]: §3[nLogin] [DEBUG] Loading the messages_es.yml message file...
[2025/07/12 18:53:16]: §3[nLogin] [DEBUG] All plugin messages were loaded in 56 ms (languageByClient=false).
[2025/07/12 18:53:16]: §3[nLogin] [DEBUG] All proxy settings were loaded in 2 ms.
[2025/07/12 18:53:16]: §3[nLogin] [DEBUG] Loading database...
[2025/07/12 18:53:16]: [nLogin] Generating RSA keypair... (this may take a while)
[2025/07/12 18:53:17]: [nLogin] The RSA key pair was successfully generated. Took 0.48s
[2025/07/12 18:53:17]: §3[nLogin] [DEBUG] Starting logger filter...
[2025/07/12 18:53:17]: [nLogin] Downloading ProtocolLib...
[2025/07/12 18:53:17]: [nLogin] *-----------------------------------------------*
[2025/07/12 18:53:17]: [nLogin]   ProtocolLib has been successfully downloaded.
[2025/07/12 18:53:17]: [nLogin]   Restarting server to apply changes...
[2025/07/12 18:53:17]: [nLogin] *-----------------------------------------------*
[2025/07/12 18:53:32]: [nLogin] Successful plugin core shutdown (took 0.00s)
